[ego-alisa-nails-tmpl.webflow.io/index.html]
[backblue.gif]
[fade.gif]
[index.html]
[cdn.prod.website-files.com/6793b7e3ceb824cdb03a1dbb/css/ego-alisa-nails-tmpl.webflow.dfbdfc1bb.css]
[ajax.googleapis.com/ajax/libs/webfont/1.6.26/webfont.js]
[cdn.prod.website-files.com/6793b7e3ceb824cdb03a1dbb/6793b7e3ceb824cdb03a1e04_Avatar@2x.png]
[ego-alisa-nails-tmpl.webflow.io/services/correction.html]
[ego-alisa-nails-tmpl.webflow.io/services/nail-care.html]
[cdn.prod.website-files.com/6793b7e3ceb824cdb03a1df5/679cdc8711a7c0da683203b6_nail-decoration-5.png]
[ego-alisa-nails-tmpl.webflow.io/services/nail-art.html]
[ego-alisa-nails-tmpl.webflow.io/privacy-policy.html]
[ego-alisa-nails-tmpl.webflow.io/styleguide/get-started.html]
[ego-alisa-nails-tmpl.webflow.io/styleguide/changelog.html]
[ego-alisa-nails-tmpl.webflow.io/styleguide/style-guide.html]
[ego-alisa-nails-tmpl.webflow.io/styleguide/licenses.html]
[ego-alisa-nails-tmpl.webflow.io/styleguide/animations.html]
[ego-alisa-nails-tmpl.webflow.io/styleguide/marketing-utilities.html]
[d3e54v103j8qbb.cloudfront.net/js/jquery-3.5.1.min.dc5e7f18c8479e.js]
[ego-alisa-nails-tmpl.webflow.io/index.html]
[cdn.prod.website-files.com/6793b7e3ceb824cdb03a1dbb/css/ego-alisa-nails-tmpl.webflow.dfbdfc1bb.css]
[cdn.prod.website-files.com/6793b7e3ceb824cdb03a1dbb/js/webflow.31bb1ce6.5ae4faa9fb15e4fb.js]
[cdn.prod.website-files.com/6793b7e3ceb824cdb03a1df5/679cdc9fca062772960e8db3_nail-master-15.png]
[cdn.prod.website-files.com/6793b7e3ceb824cdb03a1df5/679cdd572ef530f688084c52_nail-master-12.jpg]
[ego-alisa-nails-tmpl.webflow.io/services/correction.html]
[cdn.prod.website-files.com/6793b7e3ceb824cdb03a1df5/679e383e1b8a79e83945a32a_nail-master-10.png]
[cdn.prod.website-files.com/6793b7e3ceb824cdb03a1df5/679e3852b7e944e034e4abb9_nail-master-13.jpg]
[ego-alisa-nails-tmpl.webflow.io/services/nail-care.html]
[cdn.prod.website-files.com/6793b7e3ceb824cdb03a1df5/679e39810a1e43385e6e7bbb_nail-master-11.jpg]
[ego-alisa-nails-tmpl.webflow.io/services/nail-art.html]
[ego-alisa-nails-tmpl.webflow.io/privacy-policy.html]
[cdn.prod.website-files.com/6793b7e3ceb824cdb03a1dbb/6793b7e3ceb824cdb03a1e10_Video_thumb.jpg]
[ego-alisa-nails-tmpl.webflow.io/styleguide/tokens/breakpoints]
[cdn.prod.website-files.com/6793b7e3ceb824cdb03a1dbb/6793b7e3ceb824cdb03a1e06_Tutorial Img 4.jpg]
[cdn.prod.website-files.com/6793b7e3ceb824cdb03a1dbb/6793b7e3ceb824cdb03a1e02_Tutorial Img 3.jpg]
[cdn.prod.website-files.com/6793b7e3ceb824cdb03a1dbb/6793b7e3ceb824cdb03a1e17_Tutorial Img 2.jpg]
[cdn.prod.website-files.com/6793b7e3ceb824cdb03a1dbb/6793b7e3ceb824cdb03a1e0e_Tutorial Img.png]
[ego-alisa-nails-tmpl.webflow.io/styleguide/components-vault.html]
[ego-alisa-nails-tmpl.webflow.io/styleguide/classes-vault.html]
[ego-alisa-nails-tmpl.webflow.io/styleguide/get-started.html]
[ego-alisa-nails-tmpl.webflow.io/styleguide/changelog.html]
[ego-alisa-nails-tmpl.webflow.io/styleguide/style-guide.html]
[ego-alisa-nails-tmpl.webflow.io/styleguide/licenses.html]
[ego-alisa-nails-tmpl.webflow.io/styleguide/animations.html]
[code.jquery.com/jquery-3.6.1.slim.min.js]
[cdn.prod.website-files.com/6793b7e3ceb824cdb03a1dbb/6793b7e3ceb824cdb03a1dfc_Marketing Utilities placeholder.png]
[ego-alisa-nails-tmpl.webflow.io/styleguide/marketing-utilities.html]
[ego-alisa-nails-tmpl.webflow.io/styleguide/tokens/breakpoints.html]
[ego-alisa-nails-tmpl.webflow.io/styleguide/components-vault.html]
[ego-alisa-nails-tmpl.webflow.io/styleguide/classes-vault.html]
